<?xml version="1.0" encoding="UTF-8"?>
<!-- Generated by org.testng.reporters.JUnitXMLReporter -->
<testsuite ignored="0" hostname="DESKTOP-FDOUFUJ" failures="0" tests="10" name="Default test" time="0.131" errors="0" timestamp="2026-01-07T14:47:02 IST">
  <testcase classname="TestNg.InvocationCount" name="craeteUser" time="0.016"/>
  <testcase classname="TestNg.InvocationCount" name="craeteUser" time="0.002"/>
  <testcase classname="TestNg.InvocationCount" name="craeteUser" time="0.003"/>
  <testcase classname="TestNg.InvocationCount" name="craeteUser" time="0.002"/>
  <testcase classname="TestNg.InvocationCount" name="craeteUser" time="0.004"/>
  <testcase classname="TestNg.InvocationCount" name="craeteUser" time="0.004"/>
  <testcase classname="TestNg.InvocationCount" name="craeteUser" time="0.002"/>
  <testcase classname="TestNg.InvocationCount" name="craeteUser" time="0.002"/>
  <testcase classname="TestNg.InvocationCount" name="craeteUser" time="0.001"/>
  <testcase classname="TestNg.InvocationCount" name="craeteUser" time="0.005"/>
</testsuite> <!-- Default test -->
