<?xml version="1.0" encoding="UTF-8"?>
<testng-results ignored="0" total="10" passed="10" failed="0" skipped="0">
  <reporter-output>
  </reporter-output>
  <suite started-at="2026-01-07T14:47:02 IST" name="Default suite" finished-at="2026-01-07T14:47:02 IST" duration-ms="131">
    <groups>
    </groups>
    <test started-at="2026-01-07T14:47:02 IST" name="Default test" finished-at="2026-01-07T14:47:02 IST" duration-ms="131">
      <class name="TestNg.InvocationCount">
        <test-method signature="craeteUser()[pri:0, instance:TestNg.InvocationCount@68567e20]" started-at="2026-01-07T14:47:02 IST" name="craeteUser" finished-at="2026-01-07T14:47:02 IST" duration-ms="16" status="PASS">
          <reporter-output>
          </reporter-output>
        </test-method> <!-- craeteUser -->
        <test-method signature="craeteUser()[pri:0, instance:TestNg.InvocationCount@68567e20]" started-at="2026-01-07T14:47:02 IST" name="craeteUser" finished-at="2026-01-07T14:47:02 IST" duration-ms="2" status="PASS">
          <reporter-output>
          </reporter-output>
        </test-method> <!-- craeteUser -->
        <test-method signature="craeteUser()[pri:0, instance:TestNg.InvocationCount@68567e20]" started-at="2026-01-07T14:47:02 IST" name="craeteUser" finished-at="2026-01-07T14:47:02 IST" duration-ms="3" status="PASS">
          <reporter-output>
          </reporter-output>
        </test-method> <!-- craeteUser -->
        <test-method signature="craeteUser()[pri:0, instance:TestNg.InvocationCount@68567e20]" started-at="2026-01-07T14:47:02 IST" name="craeteUser" finished-at="2026-01-07T14:47:02 IST" duration-ms="2" status="PASS">
          <reporter-output>
          </reporter-output>
        </test-method> <!-- craeteUser -->
        <test-method signature="craeteUser()[pri:0, instance:TestNg.InvocationCount@68567e20]" started-at="2026-01-07T14:47:02 IST" name="craeteUser" finished-at="2026-01-07T14:47:02 IST" duration-ms="4" status="PASS">
          <reporter-output>
          </reporter-output>
        </test-method> <!-- craeteUser -->
        <test-method signature="craeteUser()[pri:0, instance:TestNg.InvocationCount@68567e20]" started-at="2026-01-07T14:47:02 IST" name="craeteUser" finished-at="2026-01-07T14:47:02 IST" duration-ms="4" status="PASS">
          <reporter-output>
          </reporter-output>
        </test-method> <!-- craeteUser -->
        <test-method signature="craeteUser()[pri:0, instance:TestNg.InvocationCount@68567e20]" started-at="2026-01-07T14:47:02 IST" name="craeteUser" finished-at="2026-01-07T14:47:02 IST" duration-ms="2" status="PASS">
          <reporter-output>
          </reporter-output>
        </test-method> <!-- craeteUser -->
        <test-method signature="craeteUser()[pri:0, instance:TestNg.InvocationCount@68567e20]" started-at="2026-01-07T14:47:02 IST" name="craeteUser" finished-at="2026-01-07T14:47:02 IST" duration-ms="2" status="PASS">
          <reporter-output>
          </reporter-output>
        </test-method> <!-- craeteUser -->
        <test-method signature="craeteUser()[pri:0, instance:TestNg.InvocationCount@68567e20]" started-at="2026-01-07T14:47:02 IST" name="craeteUser" finished-at="2026-01-07T14:47:02 IST" duration-ms="1" status="PASS">
          <reporter-output>
          </reporter-output>
        </test-method> <!-- craeteUser -->
        <test-method signature="craeteUser()[pri:0, instance:TestNg.InvocationCount@68567e20]" started-at="2026-01-07T14:47:02 IST" name="craeteUser" finished-at="2026-01-07T14:47:02 IST" duration-ms="5" status="PASS">
          <reporter-output>
          </reporter-output>
        </test-method> <!-- craeteUser -->
      </class> <!-- TestNg.InvocationCount -->
    </test> <!-- Default test -->
  </suite> <!-- Default suite -->
</testng-results>
