<?xml version="1.0" encoding="UTF-8"?>
<!-- Generated by org.testng.reporters.JUnitReportReporter -->
<testsuite hostname="DESKTOP-FDOUFUJ" failures="0" tests="3" name="TestNg.TestNgConcept" time="0.018" errors="0" timestamp="2026-01-07T14:00:59 IST" skipped="0">
  <testcase classname="TestNg.TestNgConcept" name="searchobject" time="0.011"/>
  <testcase classname="TestNg.TestNgConcept" name="addToCart" time="0.004"/>
  <testcase classname="TestNg.TestNgConcept" name="doPayment" time="0.003"/>
</testsuite> <!-- TestNg.TestNgConcept -->
