<?xml version="1.0" encoding="UTF-8"?>
<!-- Generated by org.testng.reporters.JUnitReportReporter -->
<testsuite hostname="DESKTOP-FDOUFUJ" failures="0" tests="10" name="TestNg.InvocationCount" time="0.041" errors="0" timestamp="2026-01-07T14:47:02 IST" skipped="0">
  <testcase classname="TestNg.InvocationCount" name="craeteUser" time="0.002"/>
  <testcase classname="TestNg.InvocationCount" name="craeteUser" time="0.001"/>
  <testcase classname="TestNg.InvocationCount" name="craeteUser" time="0.005"/>
  <testcase classname="TestNg.InvocationCount" name="craeteUser" time="0.002"/>
  <testcase classname="TestNg.InvocationCount" name="craeteUser" time="0.016"/>
  <testcase classname="TestNg.InvocationCount" name="craeteUser" time="0.002"/>
  <testcase classname="TestNg.InvocationCount" name="craeteUser" time="0.004"/>
  <testcase classname="TestNg.InvocationCount" name="craeteUser" time="0.002"/>
  <testcase classname="TestNg.InvocationCount" name="craeteUser" time="0.004"/>
  <testcase classname="TestNg.InvocationCount" name="craeteUser" time="0.003"/>
</testsuite> <!-- TestNg.InvocationCount -->
